JVM info: JetBrains s.r.o. - 21.0.9 - 21.0.9+-14787801-b1163.94
java.net.preferIPv4Stack=true
Current Time: 03/05/2026 13:55:47
Host: maven.neoforged.net [198.18.2.1]
Host: libraries.minecraft.net [198.18.1.132]
Host: launchermeta.mojang.com [198.18.0.238]
Host: piston-meta.mojang.com [198.18.0.239]
Host: sessionserver.mojang.com [198.18.0.195]
Found java version 21.0.9
Target Directory: /home/xiaxiaobai/project/minecraft_modpack_creater/target/debug/.MMPC/tmp/installer-750922d5-de00-4e4c-9c7c-1f84c4c4e4a2
Extracting json
Considering minecraft client jar
Downloading library from https://piston-meta.mojang.com/v1/packages/fc22b8ffcf9c6c1178c761e548221e394a5025d2/1.21.1.json
	Download completed: Checksum validated.
Downloading library from https://piston-data.mojang.com/v1/objects/30c73b1c5da787909b2f73340419fdf13b9def88/client.jar
	Download completed: Checksum validated.
Downloading libraries
Found 0 additional library directories
Considering library net.jodah:typetools:0.6.3@jar
Downloading library from https://maven.neoforged.net/releases/net/jodah/typetools/0.6.3/typetools-0.6.3.jar
	Download completed: Checksum validated.
Considering library org.jline:jline-terminal:3.20.0@jar
Downloading library from https://maven.neoforged.net/releases/org/jline/jline-terminal/3.20.0/jline-terminal-3.20.0.jar
	Download completed: Checksum validated.
Considering library net.neoforged.accesstransformers:at-modlauncher:10.0.1@jar
Downloading library from https://maven.neoforged.net/releases/net/neoforged/accesstransformers/at-modlauncher/10.0.1/at-modlauncher-10.0.1.jar
	Download completed: Checksum validated.
Considering library org.apache.logging.log4j:log4j-core:2.22.1@jar
Downloading library from https://libraries.minecraft.net/org/apache/logging/log4j/log4j-core/2.22.1/log4j-core-2.22.1.jar
	Download completed: Checksum validated.
Considering library org.jline:jline-reader:3.20.0@jar
Downloading library from https://maven.neoforged.net/releases/org/jline/jline-reader/3.20.0/jline-reader-3.20.0.jar
	Download completed: Checksum validated.
Considering library net.neoforged:coremods:7.0.3@jar
Downloading library from https://maven.neoforged.net/releases/net/neoforged/coremods/7.0.3/coremods-7.0.3.jar
	Download completed: Checksum validated.
Considering library com.mojang:logging:1.1.1@jar
Downloading library from https://libraries.minecraft.net/com/mojang/logging/1.1.1/logging-1.1.1.jar
	Download completed: Checksum validated.
Considering library cpw.mods:securejarhandler:3.0.8@jar
Downloading library from https://maven.neoforged.net/releases/cpw/mods/securejarhandler/3.0.8/securejarhandler-3.0.8.jar
	Download completed: Checksum validated.
Considering library net.neoforged.fancymodloader:earlydisplay:4.0.24@jar
Downloading library from https://maven.neoforged.net/releases/net/neoforged/fancymodloader/earlydisplay/4.0.24/earlydisplay-4.0.24.jar
	Download completed: Checksum validated.
Considering library com.google.errorprone:error_prone_annotations:2.11.0@jar
Downloading library from https://libraries.minecraft.net/com/google/errorprone/error_prone_annotations/2.11.0/error_prone_annotations-2.11.0.jar
	Download completed: Checksum validated.
Considering library net.neoforged:JarJarFileSystems:0.4.1@jar
Downloading library from https://maven.neoforged.net/releases/net/neoforged/JarJarFileSystems/0.4.1/JarJarFileSystems-0.4.1.jar
	Download completed: Checksum validated.
Considering library net.neoforged:bus:8.0.1@jar
Downloading library from https://maven.neoforged.net/releases/net/neoforged/bus/8.0.1/bus-8.0.1.jar
	Download completed: Checksum validated.
Considering library com.google.guava:listenablefuture:9999.0-empty-to-avoid-conflict-with-guava@jar
Downloading library from https://libraries.minecraft.net/com/google/guava/listenablefuture/9999.0-empty-to-avoid-conflict-with-guava/listenablefuture-9999.0-empty-to-avoid-conflict-with-guava.jar
	Download completed: Checksum validated.
Considering library org.ow2.asm:asm-commons:9.5@jar
Downloading library from https://maven.neoforged.net/releases/org/ow2/asm/asm-commons/9.5/asm-commons-9.5.jar
	Download completed: Checksum validated.
Considering library net.minecrell:terminalconsoleappender:1.3.0@jar
Downloading library from https://maven.neoforged.net/releases/net/minecrell/terminalconsoleappender/1.3.0/terminalconsoleappender-1.3.0.jar
