JVM info: Oracle Corporation - 17 - 17+35-2724
java.net.preferIPv4Stack=true
Current Time: 02/05/2026 13:22:08
Host: maven.neoforged.net [195.181.172.6, 195.181.172.3]
Host: libraries.minecraft.net [150.171.110.68]
Host: launchermeta.mojang.com [150.171.110.70]
Host: piston-meta.mojang.com [150.171.110.133]
Host: sessionserver.mojang.com [150.171.110.65]
Found java version 17
Target Directory: /home/xiaxiaobai/project/minecraft_modpack_creater/target/debug/.MMPC/tmp/neoforge-installer-30160959-374a-46b9-9fe8-d2e5d3c4a343
Extracting json
Considering minecraft client jar
Downloading library from https://piston-meta.mojang.com/v1/packages/ca28ad6be948334c2a1fb5e1a28ec3f63eb875cd/1.21.json
	Download completed: Checksum validated.
Downloading library from https://piston-data.mojang.com/v1/objects/0e9a07b9bb3390602f977073aa12884a4ce12431/client.jar
	Download completed: Checksum validated.
Downloading libraries
Found 0 additional library directories
Considering library org.apache.logging.log4j:log4j-slf4j2-impl:2.19.0@jar
Downloading library from https://libraries.minecraft.net/org/apache/logging/log4j/log4j-slf4j2-impl/2.19.0/log4j-slf4j2-impl-2.19.0.jar
	Download completed: Checksum validated.
Considering library org.jline:jline-reader:3.20.0@jar
Downloading library from https://maven.neoforged.net/releases/org/jline/jline-reader/3.20.0/jline-reader-3.20.0.jar
	Download completed: Checksum validated.
Considering library org.ow2.asm:asm-tree:9.5@jar
Downloading library from https://maven.neoforged.net/releases/org/ow2/asm/asm-tree/9.5/asm-tree-9.5.jar
	Download completed: Checksum validated.
Considering library cpw.mods:securejarhandler:3.0.8@jar
Downloading library from https://maven.neoforged.net/releases/cpw/mods/securejarhandler/3.0.8/securejarhandler-3.0.8.jar
	Download completed: Checksum validated.
Considering library net.neoforged:JarJarMetadata:0.4.1@jar
Downloading library from https://maven.neoforged.net/releases/net/neoforged/JarJarMetadata/0.4.1/JarJarMetadata-0.4.1.jar
	Download completed: Checksum validated.
Considering library net.neoforged.fancymodloader:loader:4.0.21@jar
Downloading library from https://maven.neoforged.net/releases/net/neoforged/fancymodloader/loader/4.0.21/loader-4.0.21.jar
	Download completed: Checksum validated.
Considering library net.neoforged.accesstransformers:at-modlauncher:10.0.1@jar
Downloading library from https://maven.neoforged.net/releases/net/neoforged/accesstransformers/at-modlauncher/10.0.1/at-modlauncher-10.0.1.jar
	Download completed: Checksum validated.
Considering library com.mojang:logging:1.1.1@jar
Downloading library from https://libraries.minecraft.net/com/mojang/logging/1.1.1/logging-1.1.1.jar
	Download completed: Checksum validated.
Considering library org.slf4j:slf4j-api:2.0.9@jar
Downloading library from https://libraries.minecraft.net/org/slf4j/slf4j-api/2.0.9/slf4j-api-2.0.9.jar
	Download completed: Checksum validated.
Considering library cpw.mods:bootstraplauncher:2.0.2@jar
Downloading library from https://maven.neoforged.net/releases/cpw/mods/bootstraplauncher/2.0.2/bootstraplauncher-2.0.2.jar
	Download completed: Checksum validated.
Considering library net.neoforged:coremods:7.0.3@jar
Downloading library from https://maven.neoforged.net/releases/net/neoforged/coremods/7.0.3/coremods-7.0.3.jar
	Download completed: Checksum validated.
Considering library org.apache.commons:commons-lang3:3.13.0@jar
Downloading library from https://libraries.minecraft.net/org/apache/commons/commons-lang3/3.13.0/commons-lang3-3.13.0.jar
	Download completed: Checksum validated.
Considering library net.minecraftforge:srgutils:0.4.15@jar
Downloading library from https://maven.neoforged.net/releases/net/minecraftforge/srgutils/0.4.15/srgutils-0.4.15.jar
	Download completed: Checksum validated.
Considering library org.ow2.asm:asm:9.5@jar
Downloading library from https://maven.neoforged.net/releases/org/ow2/asm/asm/9.5/asm-9.5.jar
	Download completed: Checksum validated.
Considering library org.antlr:antlr4-runtime:4.13.1@jar
Downloading library from https://maven.neoforged.net/releases/org/antlr/antlr4-runtime/4.13.1/antlr4-runtime-4.13.1.jar
	Download completed: Checksum validated.
Considering library com.google.guava:failureaccess:1.0.1@jar
Downloading library from https://libraries.minecraft.net/com/google/guava/failureaccess/1.0.1/failureaccess-1.0.1.jar
	Download completed: Checksum validated.
Considering library org.jline:jline-terminal:3.20.0@jar
Downloading library from https://maven.neoforged.net/releases/org/jline/jline-terminal/3.20.0/jline-terminal-3.20.0.jar
	Download completed: Checksum validated.
Considering library com.google.j2objc:j2objc-annotations:1.3@jar
Downloading library from https://libraries.minecraft.net/com/google/j2objc/j2objc-annotations/1.3/j2objc-annotations-1.3.jar
	Download completed: Checksum validated.
Considering library com.google.guava:guava:31.1-jre@jar
Downloading library from https://libraries.minecraft.net/com/google/guava/guava/31.1-jre/guava-31.1-jre.jar
	Download completed: Checksum validated.
Considering library org.codehaus.plexus:plexus-utils:3.3.0@jar
Downloading library from https://maven.neoforged.net/releases/org/codehaus/plexus/plexus-utils/3.3.0/plexus-utils-3.3.0.jar
java.net.SocketException: Connection reset
	at java.base/sun.nio.ch.NioSocketImpl.implRead(NioSocketImpl.java:323)
	at java.base/sun.nio.ch.NioSocketImpl.read(NioSocketImpl.java:350)
	at java.base/sun.nio.ch.NioSocketImpl$1.read(NioSocketImpl.java:803)
	at java.base/java.net.Socket$SocketInputStream.read(Socket.java:966)
	at java.base/sun.security.ssl.SSLSocketInputRecord.read(SSLSocketInputRecord.java:478)
	at java.base/sun.security.ssl.SSLSocketInputRecord.readHeader(SSLSocketInputRecord.java:472)
	at java.base/sun.security.ssl.SSLSocketInputRecord.decode(SSLSocketInputRecord.java:160)
	at java.base/sun.security.ssl.SSLTransport.decode(SSLTransport.java:111)
	at java.base/sun.security.ssl.SSLSocketImpl.decode(SSLSocketImpl.java:1500)
	at java.base/sun.security.ssl.SSLSocketImpl.readHandshakeRecord(SSLSocketImpl.java:1415)
	at java.base/sun.security.ssl.SSLSocketImpl.startHandshake(SSLSocketImpl.java:450)
	at java.base/sun.security.ssl.SSLSocketImpl.startHandshake(SSLSocketImpl.java:421)
	at java.base/sun.net.www.protocol.https.HttpsClient.afterConnect(HttpsClient.java:580)
	at java.base/sun.net.www.protocol.https.AbstractDelegateHttpsURLConnection.connect(AbstractDelegateHttpsURLConnection.java:183)
	at java.base/sun.net.www.protocol.http.HttpURLConnection.getInputStream0(HttpURLConnection.java:1665)
	at java.base/sun.net.www.protocol.http.HttpURLConnection.getInputStream(HttpURLConnection.java:1589)
	at java.base/java.net.HttpURLConnection.getResponseCode(HttpURLConnection.java:529)
	at java.base/sun.net.www.protocol.https.HttpsURLConnectionImpl.getResponseCode(HttpsURLConnectionImpl.java:308)
	at net.minecraftforge.installer.DownloadUtils.getConnection(DownloadUtils.java:123)
	at net.minecraftforge.installer.Downloader.download(Downloader.java:121)
	at net.minecraftforge.installer.DownloadUtils.downloadLibrary(DownloadUtils.java:76)
	at net.minecraftforge.installer.actions.Action.downloadLibraries(Action.java:86)
	at net.minecraftforge.installer.actions.ClientInstall.run(ClientInstall.java:109)
	at net.minecraftforge.installer.SimpleInstaller.main(SimpleInstaller.java:163)
Considering library com.electronwill.night-config:core:3.8.0@jar
Downloading library from https://maven.neoforged.net/releases/com/electronwill/night-config/core/3.8.0/core-3.8.0.jar
	Download completed: Checksum validated.
Considering library org.openjdk.nashorn:nashorn-core:15.4@jar
Downloading library from https://maven.neoforged.net/releases/org/openjdk/nashorn/nashorn-core/15.4/nashorn-core-15.4.jar
	Download completed: Checksum validated.
Considering library com.machinezoo.noexception:noexception:1.7.1@jar
Downloading library from https://maven.neoforged.net/releases/com/machinezoo/noexception/noexception/1.7.1/noexception-1.7.1.jar
	Download completed: Checksum validated.
Considering library cpw.mods:modlauncher:11.0.4@jar
Downloading library from https://maven.neoforged.net/releases/cpw/mods/modlauncher/11.0.4/modlauncher-11.0.4.jar
	Download completed: Checksum validated.
Considering library org.ow2.asm:asm-util:9.5@jar
Downloading library from https://maven.neoforged.net/releases/org/ow2/asm/asm-util/9.5/asm-util-9.5.jar
	Download completed: Checksum validated.
Considering library com.google.code.gson:gson:2.10@jar
Downloading library from https://libraries.minecraft.net/com/google/code/gson/gson/2.10/gson-2.10.jar
	Download completed: Checksum validated.
Considering library com.google.code.findbugs:jsr305:3.0.2@jar
Downloading library from https://libraries.minecraft.net/com/google/code/findbugs/jsr305/3.0.2/jsr305-3.0.2.jar
	Download completed: Checksum validated.
Considering library org.ow2.asm:asm-commons:9.5@jar
Downloading library from https://maven.neoforged.net/releases/org/ow2/asm/asm-commons/9.5/asm-commons-9.5.jar
	Download completed: Checksum validated.
Considering library net.neoforged:bus:8.0.1@jar
Downloading library from https://maven.neoforged.net/releases/net/neoforged/bus/8.0.1/bus-8.0.1.jar
	Download completed: Checksum validated.
Considering library com.google.errorprone:error_prone_annotations:2.11.0@jar
Downloading library from https://libraries.minecraft.net/com/google/errorprone/error_prone_annotations/2.11.0/error_prone_annotations-2.11.0.jar
	Download completed: Checksum validated.
Considering library net.neoforged:accesstransformers:10.0.1@jar
Downloading library from https://maven.neoforged.net/releases/net/neoforged/accesstransformers/10.0.1/accesstransformers-10.0.1.jar
	Download completed: Checksum validated.
Considering library commons-io:commons-io:2.11.0@jar
Downloading library from https://libraries.minecraft.net/commons-io/commons-io/2.11.0/commons-io-2.11.0.jar
	Download completed: Checksum validated.
Considering library org.checkerframework:checker-qual:3.12.0@jar
Downloading library from https://libraries.minecraft.net/org/checkerframework/checker-qual/3.12.0/checker-qual-3.12.0.jar
	Download completed: Checksum validated.
Considering library net.jodah:typetools:0.6.3@jar
Downloading library from https://maven.neoforged.net/releases/net/jodah/typetools/0.6.3/typetools-0.6.3.jar
	Download completed: Checksum validated.
Considering library net.neoforged:mergetool:2.0.0:api@jar
Downloading library from https://maven.neoforged.net/releases/net/neoforged/mergetool/2.0.0/mergetool-2.0.0-api.jar
	Download completed: Checksum validated.
Considering library net.minecrell:terminalconsoleappender:1.3.0@jar
Downloading library from https://maven.neoforged.net/releases/net/minecrell/terminalconsoleappender/1.3.0/terminalconsoleappender-1.3.0.jar
	Download completed: Checksum validated.
Considering library net.neoforged:JarJarFileSystems:0.4.1@jar
Downloading library from https://maven.neoforged.net/releases/net/neoforged/JarJarFileSystems/0.4.1/JarJarFileSystems-0.4.1.jar
	Download completed: Checksum validated.
Considering library org.apache.logging.log4j:log4j-core:2.22.1@jar
Downloading library from https://libraries.minecraft.net/org/apache/logging/log4j/log4j-core/2.22.1/log4j-core-2.22.1.jar
	Download completed: Checksum validated.
Considering library net.neoforged:JarJarSelector:0.4.1@jar
Downloading library from https://maven.neoforged.net/releases/net/neoforged/JarJarSelector/0.4.1/JarJarSelector-0.4.1.jar
	Download completed: Checksum validated.
Considering library com.electronwill.night-config:toml:3.8.0@jar
Downloading library from https://maven.neoforged.net/releases/com/electronwill/night-config/toml/3.8.0/toml-3.8.0.jar
	Download completed: Checksum validated.
Considering library net.fabricmc:sponge-mixin:0.14.0+mixin.0.8.6@jar
Downloading library from https://maven.neoforged.net/releases/net/fabricmc/sponge-mixin/0.14.0+mixin.0.8.6/sponge-mixin-0.14.0+mixin.0.8.6.jar
	Download completed: Checksum validated.
Considering library net.neoforged.fancymodloader:earlydisplay:4.0.21@jar
Downloading library from https://maven.neoforged.net/releases/net/neoforged/fancymodloader/earlydisplay/4.0.21/earlydisplay-4.0.21.jar
	Download completed: Checksum validated.
Considering library org.apache.maven:maven-artifact:3.8.5@jar
Downloading library from https://maven.neoforged.net/releases/org/apache/maven/maven-artifact/3.8.5/maven-artifact-3.8.5.jar
	Download completed: Checksum validated.
Considering library net.sf.jopt-simple:jopt-simple:5.0.4@jar
Downloading library from https://libraries.minecraft.net/net/sf/jopt-simple/jopt-simple/5.0.4/jopt-simple-5.0.4.jar
	Download completed: Checksum validated.
Considering library org.apache.logging.log4j:log4j-api:2.22.1@jar
Downloading library from https://libraries.minecraft.net/org/apache/logging/log4j/log4j-api/2.22.1/log4j-api-2.22.1.jar
	Download completed: Checksum validated.
Considering library org.ow2.asm:asm-analysis:9.5@jar
Downloading library from https://maven.neoforged.net/releases/org/ow2/asm/asm-analysis/9.5/asm-analysis-9.5.jar
	Download completed: Checksum validated.
Considering library com.google.guava:listenablefuture:9999.0-empty-to-avoid-conflict-with-guava@jar
Downloading library from https://libraries.minecraft.net/com/google/guava/listenablefuture/9999.0-empty-to-avoid-conflict-with-guava/listenablefuture-9999.0-empty-to-avoid-conflict-with-guava.jar
	Download completed: Checksum validated.
Considering library net.md-5:SpecialSource:1.11.0@jar
Downloading library from https://maven.neoforged.net/releases/net/md-5/SpecialSource/1.11.0/SpecialSource-1.11.0.jar
	Download completed: Checksum validated.
Considering library net.neoforged.installertools:cli-utils:2.1.2@jar
Downloading library from https://maven.neoforged.net/releases/net/neoforged/installertools/cli-utils/2.1.2/cli-utils-2.1.2.jar
	Download completed: Checksum validated.
Considering library org.apache.commons:commons-text:1.3@jar
Downloading library from https://maven.neoforged.net/releases/org/apache/commons/commons-text/1.3/commons-text-1.3.jar
	Download completed: Checksum validated.
Considering library com.google.code.gson:gson:2.8.9@jar
Downloading library from https://libraries.minecraft.net/com/google/code/gson/gson/2.8.9/gson-2.8.9.jar
	Download completed: Checksum validated.
Considering library com.google.guava:guava:20.0@jar
Downloading library from https://maven.neoforged.net/releases/com/google/guava/guava/20.0/guava-20.0.jar
	Download completed: Checksum validated.
Considering library net.neoforged.installertools:installertools:2.1.2@jar
Downloading library from https://maven.neoforged.net/releases/net/neoforged/installertools/installertools/2.1.2/installertools-2.1.2.jar
	Download completed: Checksum validated.
Considering library org.ow2.asm:asm-analysis:9.3@jar
Downloading library from https://maven.neoforged.net/releases/org/ow2/asm/asm-analysis/9.3/asm-analysis-9.3.jar
	Download completed: Checksum validated.
Considering library net.neoforged:srgutils:1.0.0@jar
Downloading library from https://maven.neoforged.net/releases/net/neoforged/srgutils/1.0.0/srgutils-1.0.0.jar
	Download completed: Checksum validated.
Considering library org.apache.commons:commons-collections4:4.2@jar
Downloading library from https://maven.neoforged.net/releases/org/apache/commons/commons-collections4/4.2/commons-collections4-4.2.jar
	Download completed: Checksum validated.
Considering library net.sf.jopt-simple:jopt-simple:5.0.4@jar
File /home/xiaxiaobai/project/minecraft_modpack_creater/target/debug/.MMPC/tmp/neoforge-installer-30160959-374a-46b9-9fe8-d2e5d3c4a343/libraries/net/sf/jopt-simple/jopt-simple/5.0.4/jopt-simple-5.0.4.jar exists. Checksum valid.
Considering library org.ow2.asm:asm-tree:9.3@jar
Downloading library from https://maven.neoforged.net/releases/org/ow2/asm/asm-tree/9.3/asm-tree-9.3.jar
	Download completed: Checksum validated.
Considering library commons-collections:commons-collections:3.2.2@jar
Downloading library from https://maven.neoforged.net/releases/commons-collections/commons-collections/3.2.2/commons-collections-3.2.2.jar
	Download completed: Checksum validated.
Considering library de.siegmar:fastcsv:2.0.0@jar
Downloading library from https://maven.neoforged.net/releases/de/siegmar/fastcsv/2.0.0/fastcsv-2.0.0.jar
	Download completed: Checksum validated.
Considering library commons-logging:commons-logging:1.2@jar
Downloading library from https://libraries.minecraft.net/commons-logging/commons-logging/1.2/commons-logging-1.2.jar
	Download completed: Checksum validated.
Considering library org.ow2.asm:asm:9.3@jar
Downloading library from https://libraries.minecraft.net/org/ow2/asm/asm/9.3/asm-9.3.jar
	Download completed: Checksum validated.
Considering library commons-beanutils:commons-beanutils:1.9.3@jar
Downloading library from https://maven.neoforged.net/releases/commons-beanutils/commons-beanutils/1.9.3/commons-beanutils-1.9.3.jar
	Download completed: Checksum validated.
Considering library org.ow2.asm:asm-commons:9.3@jar
Downloading library from https://maven.neoforged.net/releases/org/ow2/asm/asm-commons/9.3/asm-commons-9.3.jar
	Download completed: Checksum validated.
Considering library com.opencsv:opencsv:4.4@jar
Downloading library from https://maven.neoforged.net/releases/com/opencsv/opencsv/4.4/opencsv-4.4.jar
	Download completed: Checksum validated.
Considering library org.apache.commons:commons-lang3:3.8.1@jar
Downloading library from https://maven.neoforged.net/releases/org/apache/commons/commons-lang3/3.8.1/commons-lang3-3.8.1.jar
	Download completed: Checksum validated.
Considering library net.neoforged.installertools:cli-utils:2.1.2@jar
File /home/xiaxiaobai/project/minecraft_modpack_creater/target/debug/.MMPC/tmp/neoforge-installer-30160959-374a-46b9-9fe8-d2e5d3c4a343/libraries/net/neoforged/installertools/cli-utils/2.1.2/cli-utils-2.1.2.jar exists. Checksum valid.
Considering library net.neoforged.installertools:jarsplitter:2.1.2@jar
Downloading library from https://maven.neoforged.net/releases/net/neoforged/installertools/jarsplitter/2.1.2/jarsplitter-2.1.2.jar
	Download completed: Checksum validated.
Considering library net.neoforged:srgutils:1.0.0@jar
File /home/xiaxiaobai/project/minecraft_modpack_creater/target/debug/.MMPC/tmp/neoforge-installer-30160959-374a-46b9-9fe8-d2e5d3c4a343/libraries/net/neoforged/srgutils/1.0.0/srgutils-1.0.0.jar exists. Checksum valid.
Considering library net.sf.jopt-simple:jopt-simple:5.0.4@jar
File /home/xiaxiaobai/project/minecraft_modpack_creater/target/debug/.MMPC/tmp/neoforge-installer-30160959-374a-46b9-9fe8-d2e5d3c4a343/libraries/net/sf/jopt-simple/jopt-simple/5.0.4/jopt-simple-5.0.4.jar exists. Checksum valid.
Considering library net.neoforged:AutoRenamingTool:2.0.3:all@jar
Downloading library from https://maven.neoforged.net/releases/net/neoforged/AutoRenamingTool/2.0.3/AutoRenamingTool-2.0.3-all.jar
	Download completed: Checksum validated.
Considering library net.sf.jopt-simple:jopt-simple:6.0-alpha-3@jar
Downloading library from https://maven.neoforged.net/releases/net/sf/jopt-simple/jopt-simple/6.0-alpha-3/jopt-simple-6.0-alpha-3.jar
	Download completed: Checksum validated.
Considering library net.neoforged:srgutils:1.0.0@jar
File /home/xiaxiaobai/project/minecraft_modpack_creater/target/debug/.MMPC/tmp/neoforge-installer-30160959-374a-46b9-9fe8-d2e5d3c4a343/libraries/net/neoforged/srgutils/1.0.0/srgutils-1.0.0.jar exists. Checksum valid.
Considering library net.neoforged.javadoctor:spec:2.0.17@jar
Downloading library from https://maven.neoforged.net/releases/net/neoforged/javadoctor/spec/2.0.17/spec-2.0.17.jar
	Download completed: Checksum validated.
Considering library org.ow2.asm:asm-tree:9.5@jar
File /home/xiaxiaobai/project/minecraft_modpack_creater/target/debug/.MMPC/tmp/neoforge-installer-30160959-374a-46b9-9fe8-d2e5d3c4a343/libraries/org/ow2/asm/asm-tree/9.5/asm-tree-9.5.jar exists. Checksum valid.
Considering library net.neoforged.javadoctor:gson-io:2.0.17@jar
Downloading library from https://maven.neoforged.net/releases/net/neoforged/javadoctor/gson-io/2.0.17/gson-io-2.0.17.jar
	Download completed: Checksum validated.
Considering library org.ow2.asm:asm-commons:9.5@jar
File /home/xiaxiaobai/project/minecraft_modpack_creater/target/debug/.MMPC/tmp/neoforge-installer-30160959-374a-46b9-9fe8-d2e5d3c4a343/libraries/org/ow2/asm/asm-commons/9.5/asm-commons-9.5.jar exists. Checksum valid.
Considering library com.google.code.gson:gson:2.10.1@jar
Downloading library from https://libraries.minecraft.net/com/google/code/gson/gson/2.10.1/gson-2.10.1.jar
	Download completed: Checksum validated.
Considering library net.neoforged.installertools:cli-utils:2.1.4@jar
Downloading library from https://maven.neoforged.net/releases/net/neoforged/installertools/cli-utils/2.1.4/cli-utils-2.1.4.jar
	Download completed: Checksum validated.
Considering library org.ow2.asm:asm:9.5@jar
File /home/xiaxiaobai/project/minecraft_modpack_creater/target/debug/.MMPC/tmp/neoforge-installer-30160959-374a-46b9-9fe8-d2e5d3c4a343/libraries/org/ow2/asm/asm/9.5/asm-9.5.jar exists. Checksum valid.
Considering library trove:trove:1.0.2@jar
Downloading library from https://maven.neoforged.net/releases/trove/trove/1.0.2/trove-1.0.2.jar
	Download completed: Checksum validated.
Considering library net.neoforged.installertools:binarypatcher:2.1.2@jar
Downloading library from https://maven.neoforged.net/releases/net/neoforged/installertools/binarypatcher/2.1.2/binarypatcher-2.1.2.jar
	Download completed: Checksum validated.
Considering library com.github.jponge:lzma-java:1.3@jar
Downloading library from https://maven.neoforged.net/releases/com/github/jponge/lzma-java/1.3/lzma-java-1.3.jar
	Download completed: Checksum validated.
Considering library net.neoforged:srgutils:1.0.0@jar
File /home/xiaxiaobai/project/minecraft_modpack_creater/target/debug/.MMPC/tmp/neoforge-installer-30160959-374a-46b9-9fe8-d2e5d3c4a343/libraries/net/neoforged/srgutils/1.0.0/srgutils-1.0.0.jar exists. Checksum valid.
Considering library net.sf.jopt-simple:jopt-simple:5.0.4@jar
File /home/xiaxiaobai/project/minecraft_modpack_creater/target/debug/.MMPC/tmp/neoforge-installer-30160959-374a-46b9-9fe8-d2e5d3c4a343/libraries/net/sf/jopt-simple/jopt-simple/5.0.4/jopt-simple-5.0.4.jar exists. Checksum valid.
Considering library com.nothome:javaxdelta:2.0.1@jar
Downloading library from https://maven.neoforged.net/releases/com/nothome/javaxdelta/2.0.1/javaxdelta-2.0.1.jar
	Download completed: Checksum validated.
Considering library net.neoforged.installertools:cli-utils:2.1.2@jar
File /home/xiaxiaobai/project/minecraft_modpack_creater/target/debug/.MMPC/tmp/neoforge-installer-30160959-374a-46b9-9fe8-d2e5d3c4a343/libraries/net/neoforged/installertools/cli-utils/2.1.2/cli-utils-2.1.2.jar exists. Checksum valid.
Considering library net.neoforged:neoforge:21.0.143:universal
Downloading library from https://maven.neoforged.net/releases/net/neoforged/neoforge/21.0.143/neoforge-21.0.143-universal.jar
	Download completed: Checksum validated.
Considering library net.neoforged:mergetool:2.0.3:api@jar
Downloading library from https://maven.neoforged.net/releases/net/neoforged/mergetool/2.0.3/mergetool-2.0.3-api.jar
	Download completed: Checksum validated.
Considering library org.ow2.asm:asm:9.5@jar
File /home/xiaxiaobai/project/minecraft_modpack_creater/target/debug/.MMPC/tmp/neoforge-installer-30160959-374a-46b9-9fe8-d2e5d3c4a343/libraries/org/ow2/asm/asm/9.5/asm-9.5.jar exists. Checksum valid.
Considering library com.google.code.findbugs:jsr305:3.0.2@jar
File /home/xiaxiaobai/project/minecraft_modpack_creater/target/debug/.MMPC/tmp/neoforge-installer-30160959-374a-46b9-9fe8-d2e5d3c4a343/libraries/com/google/code/findbugs/jsr305/3.0.2/jsr305-3.0.2.jar exists. Checksum valid.
Considering library com.electronwill.night-config:toml:3.8.0@jar
File /home/xiaxiaobai/project/minecraft_modpack_creater/target/debug/.MMPC/tmp/neoforge-installer-30160959-374a-46b9-9fe8-d2e5d3c4a343/libraries/com/electronwill/night-config/toml/3.8.0/toml-3.8.0.jar exists. Checksum valid.
Considering library org.ow2.asm:asm-util:9.5@jar
File /home/xiaxiaobai/project/minecraft_modpack_creater/target/debug/.MMPC/tmp/neoforge-installer-30160959-374a-46b9-9fe8-d2e5d3c4a343/libraries/org/ow2/asm/asm-util/9.5/asm-util-9.5.jar exists. Checksum valid.
Considering library org.checkerframework:checker-qual:3.33.0@jar
Downloading library from https://libraries.minecraft.net/org/checkerframework/checker-qual/3.33.0/checker-qual-3.33.0.jar
	Download completed: Checksum validated.
Considering library org.jline:jline-reader:3.20.0@jar
File /home/xiaxiaobai/project/minecraft_modpack_creater/target/debug/.MMPC/tmp/neoforge-installer-30160959-374a-46b9-9fe8-d2e5d3c4a343/libraries/org/jline/jline-reader/3.20.0/jline-reader-3.20.0.jar exists. Checksum valid.
Considering library com.google.guava:listenablefuture:9999.0-empty-to-avoid-conflict-with-guava@jar
File /home/xiaxiaobai/project/minecraft_modpack_creater/target/debug/.MMPC/tmp/neoforge-installer-30160959-374a-46b9-9fe8-d2e5d3c4a343/libraries/com/google/guava/listenablefuture/9999.0-empty-to-avoid-conflict-with-guava/listenablefuture-9999.0-empty-to-avoid-conflict-with-guava.jar exists. Checksum valid.
Considering library org.ow2.asm:asm-analysis:9.5@jar
File /home/xiaxiaobai/project/minecraft_modpack_creater/target/debug/.MMPC/tmp/neoforge-installer-30160959-374a-46b9-9fe8-d2e5d3c4a343/libraries/org/ow2/asm/asm-analysis/9.5/asm-analysis-9.5.jar exists. Checksum valid.
Considering library org.ow2.asm:asm-commons:9.5@jar
File /home/xiaxiaobai/project/minecraft_modpack_creater/target/debug/.MMPC/tmp/neoforge-installer-30160959-374a-46b9-9fe8-d2e5d3c4a343/libraries/org/ow2/asm/asm-commons/9.5/asm-commons-9.5.jar exists. Checksum valid.
Considering library org.apache.maven:maven-artifact:3.8.5@jar
File /home/xiaxiaobai/project/minecraft_modpack_creater/target/debug/.MMPC/tmp/neoforge-installer-30160959-374a-46b9-9fe8-d2e5d3c4a343/libraries/org/apache/maven/maven-artifact/3.8.5/maven-artifact-3.8.5.jar exists. Checksum valid.
Considering library org.antlr:antlr4-runtime:4.13.1@jar
File /home/xiaxiaobai/project/minecraft_modpack_creater/target/debug/.MMPC/tmp/neoforge-installer-30160959-374a-46b9-9fe8-d2e5d3c4a343/libraries/org/antlr/antlr4-runtime/4.13.1/antlr4-runtime-4.13.1.jar exists. Checksum valid.
Considering library cpw.mods:modlauncher:11.0.4@jar
File /home/xiaxiaobai/project/minecraft_modpack_creater/target/debug/.MMPC/tmp/neoforge-installer-30160959-374a-46b9-9fe8-d2e5d3c4a343/libraries/cpw/mods/modlauncher/11.0.4/modlauncher-11.0.4.jar exists. Checksum valid.
Considering library com.google.code.gson:gson:2.10.1@jar
File /home/xiaxiaobai/project/minecraft_modpack_creater/target/debug/.MMPC/tmp/neoforge-installer-30160959-374a-46b9-9fe8-d2e5d3c4a343/libraries/com/google/code/gson/gson/2.10.1/gson-2.10.1.jar exists. Checksum valid.
Considering library com.google.guava:guava:32.1.2-jre@jar
Downloading library from https://libraries.minecraft.net/com/google/guava/guava/32.1.2-jre/guava-32.1.2-jre.jar
	Download completed: Checksum validated.
Considering library org.jline:jline-terminal:3.20.0@jar
File /home/xiaxiaobai/project/minecraft_modpack_creater/target/debug/.MMPC/tmp/neoforge-installer-30160959-374a-46b9-9fe8-d2e5d3c4a343/libraries/org/jline/jline-terminal/3.20.0/jline-terminal-3.20.0.jar exists. Checksum valid.
Considering library org.apache.commons:commons-lang3:3.14.0@jar
Downloading library from https://libraries.minecraft.net/org/apache/commons/commons-lang3/3.14.0/commons-lang3-3.14.0.jar
	Download completed: Checksum validated.
Considering library org.codehaus.plexus:plexus-utils:3.3.0@jar
Downloading library from https://maven.neoforged.net/releases/org/codehaus/plexus/plexus-utils/3.3.0/plexus-utils-3.3.0.jar
	Download completed: Checksum validated.
Considering library org.ow2.asm:asm-tree:9.5@jar
File /home/xiaxiaobai/project/minecraft_modpack_creater/target/debug/.MMPC/tmp/neoforge-installer-30160959-374a-46b9-9fe8-d2e5d3c4a343/libraries/org/ow2/asm/asm-tree/9.5/asm-tree-9.5.jar exists. Checksum valid.
Considering library org.slf4j:slf4j-api:2.0.9@jar
File /home/xiaxiaobai/project/minecraft_modpack_creater/target/debug/.MMPC/tmp/neoforge-installer-30160959-374a-46b9-9fe8-d2e5d3c4a343/libraries/org/slf4j/slf4j-api/2.0.9/slf4j-api-2.0.9.jar exists. Checksum valid.
Considering library net.sf.jopt-simple:jopt-simple:5.0.4@jar
File /home/xiaxiaobai/project/minecraft_modpack_creater/target/debug/.MMPC/tmp/neoforge-installer-30160959-374a-46b9-9fe8-d2e5d3c4a343/libraries/net/sf/jopt-simple/jopt-simple/5.0.4/jopt-simple-5.0.4.jar exists. Checksum valid.
Considering library org.apache.logging.log4j:log4j-slf4j2-impl:2.22.1@jar
Downloading library from https://libraries.minecraft.net/org/apache/logging/log4j/log4j-slf4j2-impl/2.22.1/log4j-slf4j2-impl-2.22.1.jar
	Download completed: Checksum validated.
Considering library net.minecraftforge:srgutils:0.4.15@jar
File /home/xiaxiaobai/project/minecraft_modpack_creater/target/debug/.MMPC/tmp/neoforge-installer-30160959-374a-46b9-9fe8-d2e5d3c4a343/libraries/net/minecraftforge/srgutils/0.4.15/srgutils-0.4.15.jar exists. Checksum valid.
Considering library com.google.errorprone:error_prone_annotations:2.18.0@jar
Downloading library from https://libraries.minecraft.net/com/google/errorprone/error_prone_annotations/2.18.0/error_prone_annotations-2.18.0.jar
	Download completed: Checksum validated.
Considering library org.apache.logging.log4j:log4j-api:2.22.1@jar
File /home/xiaxiaobai/project/minecraft_modpack_creater/target/debug/.MMPC/tmp/neoforge-installer-30160959-374a-46b9-9fe8-d2e5d3c4a343/libraries/org/apache/logging/log4j/log4j-api/2.22.1/log4j-api-2.22.1.jar exists. Checksum valid.
Considering library net.neoforged:JarJarSelector:0.4.1@jar
File /home/xiaxiaobai/project/minecraft_modpack_creater/target/debug/.MMPC/tmp/neoforge-installer-30160959-374a-46b9-9fe8-d2e5d3c4a343/libraries/net/neoforged/JarJarSelector/0.4.1/JarJarSelector-0.4.1.jar exists. Checksum valid.
Considering library net.neoforged.fancymodloader:earlydisplay:4.0.21@jar
File /home/xiaxiaobai/project/minecraft_modpack_creater/target/debug/.MMPC/tmp/neoforge-installer-30160959-374a-46b9-9fe8-d2e5d3c4a343/libraries/net/neoforged/fancymodloader/earlydisplay/4.0.21/earlydisplay-4.0.21.jar exists. Checksum valid.
Considering library cpw.mods:securejarhandler:3.0.8@jar
File /home/xiaxiaobai/project/minecraft_modpack_creater/target/debug/.MMPC/tmp/neoforge-installer-30160959-374a-46b9-9fe8-d2e5d3c4a343/libraries/cpw/mods/securejarhandler/3.0.8/securejarhandler-3.0.8.jar exists. Checksum valid.
Considering library net.fabricmc:sponge-mixin:0.14.0+mixin.0.8.6@jar
File /home/xiaxiaobai/project/minecraft_modpack_creater/target/debug/.MMPC/tmp/neoforge-installer-30160959-374a-46b9-9fe8-d2e5d3c4a343/libraries/net/fabricmc/sponge-mixin/0.14.0+mixin.0.8.6/sponge-mixin-0.14.0+mixin.0.8.6.jar exists. Checksum valid.
Considering library net.neoforged:coremods:7.0.3@jar
File /home/xiaxiaobai/project/minecraft_modpack_creater/target/debug/.MMPC/tmp/neoforge-installer-30160959-374a-46b9-9fe8-d2e5d3c4a343/libraries/net/neoforged/coremods/7.0.3/coremods-7.0.3.jar exists. Checksum valid.
Considering library com.google.j2objc:j2objc-annotations:2.8@jar
Downloading library from https://libraries.minecraft.net/com/google/j2objc/j2objc-annotations/2.8/j2objc-annotations-2.8.jar
	Download completed: Checksum validated.
Considering library commons-io:commons-io:2.15.1@jar
Downloading library from https://libraries.minecraft.net/commons-io/commons-io/2.15.1/commons-io-2.15.1.jar
	Download completed: Checksum validated.
Considering library com.machinezoo.noexception:noexception:1.7.1@jar
File /home/xiaxiaobai/project/minecraft_modpack_creater/target/debug/.MMPC/tmp/neoforge-installer-30160959-374a-46b9-9fe8-d2e5d3c4a343/libraries/com/machinezoo/noexception/noexception/1.7.1/noexception-1.7.1.jar exists. Checksum valid.
Considering library com.electronwill.night-config:core:3.8.0@jar
File /home/xiaxiaobai/project/minecraft_modpack_creater/target/debug/.MMPC/tmp/neoforge-installer-30160959-374a-46b9-9fe8-d2e5d3c4a343/libraries/com/electronwill/night-config/core/3.8.0/core-3.8.0.jar exists. Checksum valid.
Considering library net.neoforged.fancymodloader:loader:4.0.21@jar
File /home/xiaxiaobai/project/minecraft_modpack_creater/target/debug/.MMPC/tmp/neoforge-installer-30160959-374a-46b9-9fe8-d2e5d3c4a343/libraries/net/neoforged/fancymodloader/loader/4.0.21/loader-4.0.21.jar exists. Checksum valid.
Considering library org.apache.logging.log4j:log4j-core:2.22.1@jar
File /home/xiaxiaobai/project/minecraft_modpack_creater/target/debug/.MMPC/tmp/neoforge-installer-30160959-374a-46b9-9fe8-d2e5d3c4a343/libraries/org/apache/logging/log4j/log4j-core/2.22.1/log4j-core-2.22.1.jar exists. Checksum valid.
Considering library net.neoforged:JarJarFileSystems:0.4.1@jar
File /home/xiaxiaobai/project/minecraft_modpack_creater/target/debug/.MMPC/tmp/neoforge-installer-30160959-374a-46b9-9fe8-d2e5d3c4a343/libraries/net/neoforged/JarJarFileSystems/0.4.1/JarJarFileSystems-0.4.1.jar exists. Checksum valid.
Considering library net.neoforged:accesstransformers:10.0.1@jar
File /home/xiaxiaobai/project/minecraft_modpack_creater/target/debug/.MMPC/tmp/neoforge-installer-30160959-374a-46b9-9fe8-d2e5d3c4a343/libraries/net/neoforged/accesstransformers/10.0.1/accesstransformers-10.0.1.jar exists. Checksum valid.
Considering library net.neoforged:neoform:1.21-20240613.152323@zip
Downloading library from https://maven.neoforged.net/releases/net/neoforged/neoform/1.21-20240613.152323/neoform-1.21-20240613.152323.zip
	Download completed: Checksum validated.
Considering library net.neoforged:JarJarMetadata:0.4.1@jar
File /home/xiaxiaobai/project/minecraft_modpack_creater/target/debug/.MMPC/tmp/neoforge-installer-30160959-374a-46b9-9fe8-d2e5d3c4a343/libraries/net/neoforged/JarJarMetadata/0.4.1/JarJarMetadata-0.4.1.jar exists. Checksum valid.
Considering library net.neoforged.accesstransformers:at-modlauncher:10.0.1@jar
File /home/xiaxiaobai/project/minecraft_modpack_creater/target/debug/.MMPC/tmp/neoforge-installer-30160959-374a-46b9-9fe8-d2e5d3c4a343/libraries/net/neoforged/accesstransformers/at-modlauncher/10.0.1/at-modlauncher-10.0.1.jar exists. Checksum valid.
Considering library net.jodah:typetools:0.6.3@jar
File /home/xiaxiaobai/project/minecraft_modpack_creater/target/debug/.MMPC/tmp/neoforge-installer-30160959-374a-46b9-9fe8-d2e5d3c4a343/libraries/net/jodah/typetools/0.6.3/typetools-0.6.3.jar exists. Checksum valid.
Considering library com.google.guava:failureaccess:1.0.1@jar
File /home/xiaxiaobai/project/minecraft_modpack_creater/target/debug/.MMPC/tmp/neoforge-installer-30160959-374a-46b9-9fe8-d2e5d3c4a343/libraries/com/google/guava/failureaccess/1.0.1/failureaccess-1.0.1.jar exists. Checksum valid.
Considering library com.mojang:logging:1.2.7@jar
Downloading library from https://libraries.minecraft.net/com/mojang/logging/1.2.7/logging-1.2.7.jar
	Download completed: Checksum validated.
Considering library net.neoforged:bus:8.0.1@jar
File /home/xiaxiaobai/project/minecraft_modpack_creater/target/debug/.MMPC/tmp/neoforge-installer-30160959-374a-46b9-9fe8-d2e5d3c4a343/libraries/net/neoforged/bus/8.0.1/bus-8.0.1.jar exists. Checksum valid.
Considering library net.minecrell:terminalconsoleappender:1.3.0@jar
File /home/xiaxiaobai/project/minecraft_modpack_creater/target/debug/.MMPC/tmp/neoforge-installer-30160959-374a-46b9-9fe8-d2e5d3c4a343/libraries/net/minecrell/terminalconsoleappender/1.3.0/terminalconsoleappender-1.3.0.jar exists. Checksum valid.
Considering library org.openjdk.nashorn:nashorn-core:15.4@jar
File /home/xiaxiaobai/project/minecraft_modpack_creater/target/debug/.MMPC/tmp/neoforge-installer-30160959-374a-46b9-9fe8-d2e5d3c4a343/libraries/org/openjdk/nashorn/nashorn-core/15.4/nashorn-core-15.4.jar exists. Checksum valid.
These libraries failed to download. Try again.

org.codehaus.plexus:plexus-utils:3.3.0@jar
There was an error during installation
