JVM info: Oracle Corporation - 17 - 17+35-2724
java.net.preferIPv4Stack=true
Current Time: 02/05/2026 16:18:32
Host: files.minecraftforge.net [Unknown]
Host: maven.minecraftforge.net [Unknown]
Host: libraries.minecraft.net [Unknown]
Host: launchermeta.mojang.com [Unknown]
Host: piston-meta.mojang.com [Unknown]
Host: sessionserver.mojang.com [Unknown]
Host: authserver.mojang.com [Unknown]
Target Directory: /tmp/mmpc-forge-repro
Failed to establish connection to https://files.minecraftforge.net/mirrors-2.0.json
 Host: files.minecraftforge.net [Unknown]
java.net.SocketException: Operation not permitted
	at java.base/java.net.Socket.createImpl(Socket.java:533)
	at java.base/java.net.Socket.connect(Socket.java:632)
	at java.base/sun.security.ssl.SSLSocketImpl.connect(SSLSocketImpl.java:299)
	at java.base/sun.net.NetworkClient.doConnect(NetworkClient.java:178)
	at java.base/sun.net.www.http.HttpClient.openServer(HttpClient.java:498)
	at java.base/sun.net.www.http.HttpClient.openServer(HttpClient.java:603)
	at java.base/sun.net.www.protocol.https.HttpsClient.<init>(HttpsClient.java:266)
	at java.base/sun.net.www.protocol.https.HttpsClient.New(HttpsClient.java:380)
	at java.base/sun.net.www.protocol.https.AbstractDelegateHttpsURLConnection.getNewHttpClient(AbstractDelegateHttpsURLConnection.java:189)
	at java.base/sun.net.www.protocol.http.HttpURLConnection.plainConnect0(HttpURLConnection.java:1242)
	at java.base/sun.net.www.protocol.http.HttpURLConnection.plainConnect(HttpURLConnection.java:1128)
	at java.base/sun.net.www.protocol.https.AbstractDelegateHttpsURLConnection.connect(AbstractDelegateHttpsURLConnection.java:175)
	at java.base/sun.net.www.protocol.http.HttpURLConnection.getInputStream0(HttpURLConnection.java:1665)
	at java.base/sun.net.www.protocol.http.HttpURLConnection.getInputStream(HttpURLConnection.java:1589)
	at java.base/java.net.HttpURLConnection.getResponseCode(HttpURLConnection.java:529)
	at java.base/sun.net.www.protocol.https.HttpsURLConnectionImpl.getResponseCode(HttpsURLConnectionImpl.java:308)
	at net.minecraftforge.installer.DownloadUtils.getConnection(DownloadUtils.java:240)
	at net.minecraftforge.installer.DownloadUtils.downloadString(DownloadUtils.java:309)
	at net.minecraftforge.installer.DownloadUtils.downloadMirrors(DownloadUtils.java:300)
	at net.minecraftforge.installer.json.Install.getMirror(Install.java:103)
	at net.minecraftforge.installer.SimpleInstaller.main(SimpleInstaller.java:136)
There is no minecraft installation at: /tmp/mmpc-forge-repro
There was an error during installation
